Using pre-set license
Built from '2020.3/staging' branch; Version is '2020.3.9f1 (108be757e447) revision 1084391'; Using compiler version '192528614'; Build Type 'Release'
OS: 'Windows 10 Home; OS build 19042.1288; Version 2009; 64bit' Language: 'es' Physical Memory: 16322 MB
BatchMode: 1, IsHumanControllingUs: 0, StartBugReporterOnCrash: 0, Is64bit: 1, IsPro: 0

 COMMAND LINE ARGUMENTS:
C:\Program Files\Unity\Hub\Editor\2020.3.9f1\Editor\Unity.exe
-adb2
-batchMode
-noUpm
-name
AssetImportWorker0
-projectPath
D:/UNITYYYY/entregable_4/entregable_4/entregable_4
-logFile
Logs/AssetImportWorker0.log
-srvPort
49998
Successfully changed project path to: D:/UNITYYYY/entregable_4/entregable_4/entregable_4
D:/UNITYYYY/entregable_4/entregable_4/entregable_4
Using Asset Import Pipeline V2.
Refreshing native plugins compatible for Editor in 18.02 ms, found 0 plugins.
Preloading 0 native plugins for Editor in 0.00 ms.
Initialize engine version: 2020.3.9f1 (108be757e447)
[Subsystems] Discovering subsystems at path C:/Program Files/Unity/Hub/Editor/2020.3.9f1/Editor/Data/Resources/UnitySubsystems
[Subsystems] Discovering subsystems at path D:/UNITYYYY/entregable_4/entregable_4/entregable_4/Assets
GfxDevice: creating device client; threaded=0
Direct3D:
    Version:  Direct3D 11.0 [level 11.1]
    Renderer: NVIDIA GeForce RTX 2060 SUPER (ID=0x1f06)
    Vendor:   
    VRAM:     8031 MB
    Driver:   27.21.14.5671
Initialize mono
Mono path[0] = 'C:/Program Files/Unity/Hub/Editor/2020.3.9f1/Editor/Data/Managed'
Mono path[1] = 'C:/Program Files/Unity/Hub/Editor/2020.3.9f1/Editor/Data/MonoBleedingEdge/lib/mono/unityjit'
Mono config path = 'C:/Program Files/Unity/Hub/Editor/2020.3.9f1/Editor/Data/MonoBleedingEdge/etc'
Using monoOptions --debugger-agent=transport=dt_socket,embedding=1,server=y,suspend=n,address=127.0.0.1:56024
Begin MonoManager ReloadAssembly
Registering precompiled unity dll's ...
Register platform support module: C:/Program Files/Unity/Hub/Editor/2020.3.9f1/Editor/Data/PlaybackEngines/WindowsStandaloneSupport/UnityEditor.WindowsStandalone.Extensions.dll
Registered in 0.001813 seconds.
Native extension for WindowsStandalone target not found
Refreshing native plugins compatible for Editor in 18.86 ms, found 0 plugins.
Preloading 0 native plugins for Editor in 0.00 ms.
Mono: successfully reloaded assembly
- Completed reload, in  0.890 seconds
Platform modules already initialized, skipping
Registering precompiled user dll's ...
Registered in 0.000583 seconds.
Begin MonoManager ReloadAssembly
Native extension for WindowsStandalone target not found
Refreshing native plugins compatible for Editor in 0.16 ms, found 0 plugins.
Preloading 0 native plugins for Editor in 0.00 ms.
Mono: successfully reloaded assembly
- Completed reload, in  0.708 seconds
Platform modules already initialized, skipping
========================================================================
Worker process is ready to serve import requests
Launched and connected shader compiler UnityShaderCompiler.exe after 0.04 seconds
Refreshing native plugins compatible for Editor in 0.16 ms, found 0 plugins.
Preloading 0 native plugins for Editor in 0.00 ms.
Unloading 1115 Unused Serialized files (Serialized files now loaded: 0)
System memory in use before: 57.1 MB.
System memory in use after: 57.1 MB.

Unloading 10 unused Assets to reduce memory usage. Loaded Objects now: 1557.
Total: 1.252200 ms (FindLiveObjects: 0.092500 ms CreateObjectMapping: 0.029700 ms MarkObjects: 1.075900 ms  DeleteObjects: 0.053500 ms)

========================================================================
Received Import Request.
  path: Assets/Scenes
  artifactKey: Guid(048487a732d863e4bb04a18a8b177f93) Importer(815301076,1909f56bfc062723c751e8b465ee728b)
Start importing Assets/Scenes using Guid(048487a732d863e4bb04a18a8b177f93) Importer(815301076,1909f56bfc062723c751e8b465ee728b)  -> (artifact id: 'dd7fbcec1220359388167025a906a04e') in 0.008188 seconds
  Import took 0.009543 seconds .

========================================================================
Received Import Request.
  Time since last request: 0.000269 seconds.
  path: Assets/Scenes/SampleScene.unity
  artifactKey: Guid(9fc0d4010bbf28b4594072e72b8655ab) Importer(815301076,1909f56bfc062723c751e8b465ee728b)
Start importing Assets/Scenes/SampleScene.unity using Guid(9fc0d4010bbf28b4594072e72b8655ab) Importer(815301076,1909f56bfc062723c751e8b465ee728b)  -> (artifact id: '85059f4f9e1a832ed95adaa0d25c5c4c') in 0.013308 seconds
  Import took 0.014658 seconds .

========================================================================
Received Import Request.
  Time since last request: 5.467810 seconds.
  path: Assets/Scenes/entregable_4.unity
  artifactKey: Guid(9fc0d4010bbf28b4594072e72b8655ab) Importer(815301076,1909f56bfc062723c751e8b465ee728b)
Start importing Assets/Scenes/entregable_4.unity using Guid(9fc0d4010bbf28b4594072e72b8655ab) Importer(815301076,1909f56bfc062723c751e8b465ee728b)  -> (artifact id: '83d61fe921944b219cb8b9965f68c5fe') in 0.008275 seconds
  Import took 0.009994 seconds .

========================================================================
Received Import Request.
  Time since last request: 93.078831 seconds.
  path: Assets
  artifactKey: Guid(00000000000000001000000000000000) Importer(815301076,1909f56bfc062723c751e8b465ee728b)
Start importing Assets using Guid(00000000000000001000000000000000) Importer(815301076,1909f56bfc062723c751e8b465ee728b)  -> (artifact id: '42d402b061de3733987d63b9cc3b64de') in 0.007486 seconds
  Import took 0.009232 seconds .

========================================================================
Received Import Request.
  Time since last request: 4.329230 seconds.
  path: Assets/Mat
  artifactKey: Guid(e9f5b9d22dc50c94a8bcf32de8c9af63) Importer(815301076,1909f56bfc062723c751e8b465ee728b)
Start importing Assets/Mat using Guid(e9f5b9d22dc50c94a8bcf32de8c9af63) Importer(815301076,1909f56bfc062723c751e8b465ee728b)  -> (artifact id: '8a9d8d5e4a26a80a11ad8595a11d8b27') in 0.006320 seconds
  Import took 0.007818 seconds .

========================================================================
Received Import Request.
  Time since last request: 12.209468 seconds.
  path: Assets/Mat/New Material.mat
  artifactKey: Guid(c9c4177955300034db8b52d99355f121) Importer(815301076,1909f56bfc062723c751e8b465ee728b)
Start importing Assets/Mat/New Material.mat using Guid(c9c4177955300034db8b52d99355f121) Importer(815301076,1909f56bfc062723c751e8b465ee728b)  -> (artifact id: 'c6adab8d0f57a8a3127a2bcda7365bce') in 0.104680 seconds
  Import took 0.106190 seconds .

========================================================================
Received Import Request.
  Time since last request: 34.238512 seconds.
  path: Assets/Mat/Mat_2.mat
  artifactKey: Guid(2a451baa334be4e43966f364a77c20f3) Importer(815301076,1909f56bfc062723c751e8b465ee728b)
Start importing Assets/Mat/Mat_2.mat using Guid(2a451baa334be4e43966f364a77c20f3) Importer(815301076,1909f56bfc062723c751e8b465ee728b)  -> (artifact id: '08ad949cc56a5006d3ca89542aaeeff3') in 0.014170 seconds
  Import took 0.015922 seconds .

========================================================================
Received Import Request.
  Time since last request: 6.680121 seconds.
  path: Assets/Mat/Maat_1.mat
  artifactKey: Guid(c9c4177955300034db8b52d99355f121) Importer(815301076,1909f56bfc062723c751e8b465ee728b)
Start importing Assets/Mat/Maat_1.mat using Guid(c9c4177955300034db8b52d99355f121) Importer(815301076,1909f56bfc062723c751e8b465ee728b)  -> (artifact id: '672bb9634ace32ff904c37b726dbdecb') in 0.009823 seconds
  Import took 0.011365 seconds .

========================================================================
Received Import Request.
  Time since last request: 74.930260 seconds.
  path: Assets/Prefab
  artifactKey: Guid(235e2b756be40d74ebcad559fa45bf32) Importer(815301076,1909f56bfc062723c751e8b465ee728b)
Start importing Assets/Prefab using Guid(235e2b756be40d74ebcad559fa45bf32) Importer(815301076,1909f56bfc062723c751e8b465ee728b)  -> (artifact id: '4617a4c9eaeb2246c40b0b5a8bd0a443') in 0.005525 seconds
  Import took 0.007100 seconds .

========================================================================
Received Import Request.
  Time since last request: 10.297540 seconds.
  path: Assets/Prefab/Player.prefab
  artifactKey: Guid(c49e7a684dd59be469cf44162e0eddce) Importer(815301076,1909f56bfc062723c751e8b465ee728b)
Start importing Assets/Prefab/Player.prefab using Guid(c49e7a684dd59be469cf44162e0eddce) Importer(815301076,1909f56bfc062723c751e8b465ee728b)  -> (artifact id: '7814ad11494d340cc44a536ade32edca') in 0.011089 seconds
  Import took 0.012572 seconds .

========================================================================
Received Import Request.
  Time since last request: 0.000801 seconds.
  path: Assets/Prefab/Player.prefab
  artifactKey: Guid(c49e7a684dd59be469cf44162e0eddce) Importer(815301076,1909f56bfc062723c751e8b465ee728b)
Start importing Assets/Prefab/Player.prefab using Guid(c49e7a684dd59be469cf44162e0eddce) Importer(815301076,1909f56bfc062723c751e8b465ee728b)  -> (artifact id: '7814ad11494d340cc44a536ade32edca') in 0.003114 seconds
  Import took 0.004573 seconds .

========================================================================
Received Import Request.
  Time since last request: 4.848440 seconds.
  path: Assets/Prefab/Player.prefab
  artifactKey: Guid(c49e7a684dd59be469cf44162e0eddce) Importer(815301076,1909f56bfc062723c751e8b465ee728b)
Start importing Assets/Prefab/Player.prefab using Guid(c49e7a684dd59be469cf44162e0eddce) Importer(815301076,1909f56bfc062723c751e8b465ee728b)  -> (artifact id: 'ab8926d2ecd7b69cbec0e4347de50d19') in 0.019446 seconds
  Import took 0.020987 seconds .

========================================================================
Received Import Request.
  Time since last request: 16.311936 seconds.
  path: Assets/Script
  artifactKey: Guid(041a41bb4a147af44a3e7ae6900fc364) Importer(815301076,1909f56bfc062723c751e8b465ee728b)
Start importing Assets/Script using Guid(041a41bb4a147af44a3e7ae6900fc364) Importer(815301076,1909f56bfc062723c751e8b465ee728b)  -> (artifact id: '6c233a3fad820b67db4d656685e20e42') in 0.005200 seconds
  Import took 0.007094 seconds .

========================================================================
Received Prepare
Registering precompiled user dll's ...
Registered in 0.000440 seconds.
Begin MonoManager ReloadAssembly
Native extension for WindowsStandalone target not found
Refreshing native plugins compatible for Editor in 0.17 ms, found 0 plugins.
Preloading 0 native plugins for Editor in 0.00 ms.
Mono: successfully reloaded assembly
- Completed reload, in  0.654 seconds
Platform modules already initialized, skipping
Refreshing native plugins compatible for Editor in 0.16 ms, found 0 plugins.
Preloading 0 native plugins for Editor in 0.00 ms.
Unloading 1111 Unused Serialized files (Serialized files now loaded: 0)
System memory in use before: 60.5 MB.
System memory in use after: 60.6 MB.

Unloading 5 unused Assets to reduce memory usage. Loaded Objects now: 1604.
Total: 1.204200 ms (FindLiveObjects: 0.095000 ms CreateObjectMapping: 0.027800 ms MarkObjects: 1.045700 ms  DeleteObjects: 0.034700 ms)

========================================================================
Received Import Request.
  Time since last request: 7.915026 seconds.
  path: Assets/Script/NewBehaviourScript.cs
  artifactKey: Guid(6247aa469bc98ef43a39cfe166639446) Importer(815301076,1909f56bfc062723c751e8b465ee728b)
Start importing Assets/Script/NewBehaviourScript.cs using Guid(6247aa469bc98ef43a39cfe166639446) Importer(815301076,1909f56bfc062723c751e8b465ee728b)  -> (artifact id: '1ac3b4852e578e8c258687a094168a7b') in 0.016078 seconds
  Import took 0.017478 seconds .

========================================================================
Received Import Request.
  Time since last request: 7.818810 seconds.
  path: Assets/Script/PositionGenerator.cs
  artifactKey: Guid(6247aa469bc98ef43a39cfe166639446) Importer(815301076,1909f56bfc062723c751e8b465ee728b)
Start importing Assets/Script/PositionGenerator.cs using Guid(6247aa469bc98ef43a39cfe166639446) Importer(815301076,1909f56bfc062723c751e8b465ee728b)  -> (artifact id: '32ffa0c975f4890a8cd6d0a48de18e2a') in 0.006755 seconds
  Import took 0.009030 seconds .

========================================================================
Received Prepare
Registering precompiled user dll's ...
Registered in 0.000391 seconds.
Begin MonoManager ReloadAssembly
Native extension for WindowsStandalone target not found
Refreshing native plugins compatible for Editor in 0.16 ms, found 0 plugins.
Preloading 0 native plugins for Editor in 0.00 ms.
Mono: successfully reloaded assembly
- Completed reload, in  0.638 seconds
Platform modules already initialized, skipping
Refreshing native plugins compatible for Editor in 0.15 ms, found 0 plugins.
Preloading 0 native plugins for Editor in 0.00 ms.
Unloading 1111 Unused Serialized files (Serialized files now loaded: 0)
System memory in use before: 60.5 MB.
System memory in use after: 60.6 MB.

Unloading 5 unused Assets to reduce memory usage. Loaded Objects now: 1607.
Total: 1.388600 ms (FindLiveObjects: 0.092700 ms CreateObjectMapping: 0.026800 ms MarkObjects: 1.191200 ms  DeleteObjects: 0.077200 ms)

========================================================================
Received Prepare
Registering precompiled user dll's ...
Registered in 0.000414 seconds.
Begin MonoManager ReloadAssembly
Native extension for WindowsStandalone target not found
Refreshing native plugins compatible for Editor in 0.40 ms, found 0 plugins.
Preloading 0 native plugins for Editor in 0.00 ms.
Mono: successfully reloaded assembly
- Completed reload, in  0.632 seconds
Platform modules already initialized, skipping
Refreshing native plugins compatible for Editor in 0.16 ms, found 0 plugins.
Preloading 0 native plugins for Editor in 0.00 ms.
Unloading 1110 Unused Serialized files (Serialized files now loaded: 0)
System memory in use before: 60.5 MB.
System memory in use after: 60.6 MB.

Unloading 6 unused Assets to reduce memory usage. Loaded Objects now: 1609.
Total: 1.377400 ms (FindLiveObjects: 0.231100 ms CreateObjectMapping: 0.041000 ms MarkObjects: 1.065900 ms  DeleteObjects: 0.038700 ms)

========================================================================
Received Import Request.
  Time since last request: 25.878321 seconds.
  path: Assets/Script/NewBehaviourScript.cs
  artifactKey: Guid(a8d3567bc061dd64eac181f34404ce03) Importer(815301076,1909f56bfc062723c751e8b465ee728b)
Start importing Assets/Script/NewBehaviourScript.cs using Guid(a8d3567bc061dd64eac181f34404ce03) Importer(815301076,1909f56bfc062723c751e8b465ee728b)  -> (artifact id: '67251fb3f42d3181655ddddd095917bb') in 0.003518 seconds
  Import took 0.005053 seconds .

========================================================================
Received Prepare
Registering precompiled user dll's ...
Registered in 0.000389 seconds.
Begin MonoManager ReloadAssembly
Native extension for WindowsStandalone target not found
Refreshing native plugins compatible for Editor in 0.16 ms, found 0 plugins.
Preloading 0 native plugins for Editor in 0.00 ms.
Mono: successfully reloaded assembly
- Completed reload, in  0.633 seconds
Platform modules already initialized, skipping
Refreshing native plugins compatible for Editor in 0.15 ms, found 0 plugins.
Preloading 0 native plugins for Editor in 0.00 ms.
Unloading 1111 Unused Serialized files (Serialized files now loaded: 0)
System memory in use before: 60.6 MB.
System memory in use after: 60.6 MB.

Unloading 5 unused Assets to reduce memory usage. Loaded Objects now: 1613.
Total: 1.339000 ms (FindLiveObjects: 0.092500 ms CreateObjectMapping: 0.026200 ms MarkObjects: 1.185200 ms  DeleteObjects: 0.034500 ms)

========================================================================
Received Import Request.
  Time since last request: 36.976171 seconds.
  path: Assets/Script/PositionGeneration.cs
  artifactKey: Guid(a8d3567bc061dd64eac181f34404ce03) Importer(815301076,1909f56bfc062723c751e8b465ee728b)
Start importing Assets/Script/PositionGeneration.cs using Guid(a8d3567bc061dd64eac181f34404ce03) Importer(815301076,1909f56bfc062723c751e8b465ee728b)  -> (artifact id: 'de9558f384502e6d24eb37beef758be4') in 0.007757 seconds
  Import took 0.009372 seconds .

========================================================================
Received Prepare
Registering precompiled user dll's ...
Registered in 0.000415 seconds.
Begin MonoManager ReloadAssembly
Native extension for WindowsStandalone target not found
Refreshing native plugins compatible for Editor in 0.17 ms, found 0 plugins.
Preloading 0 native plugins for Editor in 0.00 ms.
Mono: successfully reloaded assembly
- Completed reload, in  0.661 seconds
Platform modules already initialized, skipping
Refreshing native plugins compatible for Editor in 0.15 ms, found 0 plugins.
Preloading 0 native plugins for Editor in 0.00 ms.
Unloading 1111 Unused Serialized files (Serialized files now loaded: 0)
System memory in use before: 60.6 MB.
System memory in use after: 60.6 MB.

Unloading 5 unused Assets to reduce memory usage. Loaded Objects now: 1616.
Total: 1.570000 ms (FindLiveObjects: 0.113400 ms CreateObjectMapping: 0.033800 ms MarkObjects: 1.348000 ms  DeleteObjects: 0.074000 ms)

========================================================================
Received Prepare
Registering precompiled user dll's ...
Registered in 0.000434 seconds.
Begin MonoManager ReloadAssembly
Native extension for WindowsStandalone target not found
Refreshing native plugins compatible for Editor in 0.16 ms, found 0 plugins.
Preloading 0 native plugins for Editor in 0.00 ms.
Mono: successfully reloaded assembly
- Completed reload, in  0.644 seconds
Platform modules already initialized, skipping
Refreshing native plugins compatible for Editor in 0.19 ms, found 0 plugins.
Preloading 0 native plugins for Editor in 0.00 ms.
Unloading 1111 Unused Serialized files (Serialized files now loaded: 0)
System memory in use before: 60.6 MB.
System memory in use after: 60.6 MB.

Unloading 5 unused Assets to reduce memory usage. Loaded Objects now: 1619.
Total: 1.290300 ms (FindLiveObjects: 0.103400 ms CreateObjectMapping: 0.027600 ms MarkObjects: 1.122000 ms  DeleteObjects: 0.036700 ms)

========================================================================
Received Import Request.
  Time since last request: 39.804020 seconds.
  path: Assets/Script/PositionGeneration.cs
  artifactKey: Guid(a8d3567bc061dd64eac181f34404ce03) Importer(815301076,1909f56bfc062723c751e8b465ee728b)
Start importing Assets/Script/PositionGeneration.cs using Guid(a8d3567bc061dd64eac181f34404ce03) Importer(815301076,1909f56bfc062723c751e8b465ee728b)  -> (artifact id: '8fc3f4e695ede73118040adc7ab98b6c') in 0.002828 seconds
  Import took 0.004228 seconds .

========================================================================
Received Import Request.
  Time since last request: 1033.263290 seconds.
  path: Assets/Script/PositionGeneration.cs
  artifactKey: Guid(a8d3567bc061dd64eac181f34404ce03) Importer(815301076,1909f56bfc062723c751e8b465ee728b)
Start importing Assets/Script/PositionGeneration.cs using Guid(a8d3567bc061dd64eac181f34404ce03) Importer(815301076,1909f56bfc062723c751e8b465ee728b)  -> (artifact id: '512afaef47a9952d7699e87d3dbad609') in 0.006334 seconds
  Import took 0.009407 seconds .

========================================================================
Received Import Request.
  Time since last request: 259.392981 seconds.
  path: Assets/Script/PositionGeneration.cs
  artifactKey: Guid(a8d3567bc061dd64eac181f34404ce03) Importer(815301076,1909f56bfc062723c751e8b465ee728b)
Start importing Assets/Script/PositionGeneration.cs using Guid(a8d3567bc061dd64eac181f34404ce03) Importer(815301076,1909f56bfc062723c751e8b465ee728b)  -> (artifact id: '5de63da18a1ed24a6e57099ad66e9a14') in 0.006000 seconds
  Import took 0.008563 seconds .

========================================================================
Received Import Request.
  Time since last request: 105.406855 seconds.
  path: Assets/Script/PositionGeneration.cs
  artifactKey: Guid(a8d3567bc061dd64eac181f34404ce03) Importer(815301076,1909f56bfc062723c751e8b465ee728b)
Start importing Assets/Script/PositionGeneration.cs using Guid(a8d3567bc061dd64eac181f34404ce03) Importer(815301076,1909f56bfc062723c751e8b465ee728b)  -> (artifact id: 'c1b010d4027a6e04e1a33c73745e4b32') in 0.004153 seconds
  Import took 0.006246 seconds .

========================================================================
Received Import Request.
  Time since last request: 7.158811 seconds.
  path: Assets/Script/PositionGeneration.cs
  artifactKey: Guid(a8d3567bc061dd64eac181f34404ce03) Importer(815301076,1909f56bfc062723c751e8b465ee728b)
Start importing Assets/Script/PositionGeneration.cs using Guid(a8d3567bc061dd64eac181f34404ce03) Importer(815301076,1909f56bfc062723c751e8b465ee728b)  -> (artifact id: 'c64b78e92bb4aa207fbda2c2981d411e') in 0.002772 seconds
  Import took 0.004480 seconds .

========================================================================
Received Import Request.
  Time since last request: 27.556783 seconds.
  path: Assets/Script/PositionGeneration.cs
  artifactKey: Guid(a8d3567bc061dd64eac181f34404ce03) Importer(815301076,1909f56bfc062723c751e8b465ee728b)
Start importing Assets/Script/PositionGeneration.cs using Guid(a8d3567bc061dd64eac181f34404ce03) Importer(815301076,1909f56bfc062723c751e8b465ee728b)  -> (artifact id: 'e7cef66b4f80751f39ee6bec4ee4aa8c') in 0.004115 seconds
  Import took 0.006113 seconds .

========================================================================
Received Import Request.
  Time since last request: 169.592088 seconds.
  path: Assets/Script/PositionGeneration.cs
  artifactKey: Guid(a8d3567bc061dd64eac181f34404ce03) Importer(815301076,1909f56bfc062723c751e8b465ee728b)
Start importing Assets/Script/PositionGeneration.cs using Guid(a8d3567bc061dd64eac181f34404ce03) Importer(815301076,1909f56bfc062723c751e8b465ee728b)  -> (artifact id: 'aa652fce34d5a8ae7dbc5f157fd4da45') in 0.002816 seconds
  Import took 0.005205 seconds .

========================================================================
Received Import Request.
  Time since last request: 116.932328 seconds.
  path: Assets/Script/PositionGeneration.cs
  artifactKey: Guid(a8d3567bc061dd64eac181f34404ce03) Importer(815301076,1909f56bfc062723c751e8b465ee728b)
Start importing Assets/Script/PositionGeneration.cs using Guid(a8d3567bc061dd64eac181f34404ce03) Importer(815301076,1909f56bfc062723c751e8b465ee728b)  -> (artifact id: 'd8b05492bd8468e76fc5c9ba20fc0de1') in 0.009462 seconds
  Import took 0.011203 seconds .

========================================================================
Received Import Request.
  Time since last request: 0.000319 seconds.
  path: Assets/Script/PositionGeneration.cs
  artifactKey: Guid(a8d3567bc061dd64eac181f34404ce03) Importer(815301076,1909f56bfc062723c751e8b465ee728b)
Start importing Assets/Script/PositionGeneration.cs using Guid(a8d3567bc061dd64eac181f34404ce03) Importer(815301076,1909f56bfc062723c751e8b465ee728b)  -> (artifact id: 'd8b05492bd8468e76fc5c9ba20fc0de1') in 0.002152 seconds
  Import took 0.003872 seconds .

========================================================================
Received Import Request.
  Time since last request: 69.870886 seconds.
  path: Assets/Script/PositionGeneration.cs
  artifactKey: Guid(a8d3567bc061dd64eac181f34404ce03) Importer(815301076,1909f56bfc062723c751e8b465ee728b)
Start importing Assets/Script/PositionGeneration.cs using Guid(a8d3567bc061dd64eac181f34404ce03) Importer(815301076,1909f56bfc062723c751e8b465ee728b)  -> (artifact id: 'c44f2385704689b9f91b1c62b4b82993') in 0.003553 seconds
  Import took 0.005306 seconds .

========================================================================
Received Import Request.
  Time since last request: 59.687269 seconds.
  path: Assets/Script/PositionGeneration.cs
  artifactKey: Guid(a8d3567bc061dd64eac181f34404ce03) Importer(815301076,1909f56bfc062723c751e8b465ee728b)
Start importing Assets/Script/PositionGeneration.cs using Guid(a8d3567bc061dd64eac181f34404ce03) Importer(815301076,1909f56bfc062723c751e8b465ee728b)  -> (artifact id: '8b0c93ae7d4e82589a466bea1c30f552') in 0.004458 seconds
  Import took 0.006347 seconds .

========================================================================
Received Import Request.
  Time since last request: 8.728383 seconds.
  path: Assets/Script/PositionGeneration.cs
  artifactKey: Guid(a8d3567bc061dd64eac181f34404ce03) Importer(815301076,1909f56bfc062723c751e8b465ee728b)
Start importing Assets/Script/PositionGeneration.cs using Guid(a8d3567bc061dd64eac181f34404ce03) Importer(815301076,1909f56bfc062723c751e8b465ee728b)  -> (artifact id: '1eb151df136221599758d59e8278d94d') in 0.003989 seconds
  Import took 0.005790 seconds .

========================================================================
Received Import Request.
  Time since last request: 24.616058 seconds.
  path: Assets/Script/PositionGeneration.cs
  artifactKey: Guid(a8d3567bc061dd64eac181f34404ce03) Importer(815301076,1909f56bfc062723c751e8b465ee728b)
Start importing Assets/Script/PositionGeneration.cs using Guid(a8d3567bc061dd64eac181f34404ce03) Importer(815301076,1909f56bfc062723c751e8b465ee728b)  -> (artifact id: '5e31c293e8021474338c27957e418fb3') in 0.003654 seconds
  Import took 0.005547 seconds .

========================================================================
Received Prepare
Registering precompiled user dll's ...
Registered in 0.000460 seconds.
Begin MonoManager ReloadAssembly
Native extension for WindowsStandalone target not found
Refreshing native plugins compatible for Editor in 0.17 ms, found 0 plugins.
Preloading 0 native plugins for Editor in 0.00 ms.
Mono: successfully reloaded assembly
- Completed reload, in  0.684 seconds
Platform modules already initialized, skipping
Refreshing native plugins compatible for Editor in 0.18 ms, found 0 plugins.
Preloading 0 native plugins for Editor in 0.00 ms.
Unloading 1111 Unused Serialized files (Serialized files now loaded: 0)
System memory in use before: 60.6 MB.
System memory in use after: 60.6 MB.

Unloading 5 unused Assets to reduce memory usage. Loaded Objects now: 1622.
Total: 1.225000 ms (FindLiveObjects: 0.095100 ms CreateObjectMapping: 0.024900 ms MarkObjects: 1.060500 ms  DeleteObjects: 0.043800 ms)

========================================================================
Received Import Request.
  Time since last request: 115.054051 seconds.
  path: Assets/Script/PositionGeneration.cs
  artifactKey: Guid(a8d3567bc061dd64eac181f34404ce03) Importer(815301076,1909f56bfc062723c751e8b465ee728b)
Start importing Assets/Script/PositionGeneration.cs using Guid(a8d3567bc061dd64eac181f34404ce03) Importer(815301076,1909f56bfc062723c751e8b465ee728b)  -> (artifact id: 'd41a3ee80866d600287179c165a699d5') in 0.003141 seconds
  Import took 0.004565 seconds .

========================================================================
Received Prepare
Registering precompiled user dll's ...
Registered in 0.000460 seconds.
Begin MonoManager ReloadAssembly
Native extension for WindowsStandalone target not found
Refreshing native plugins compatible for Editor in 0.16 ms, found 0 plugins.
Preloading 0 native plugins for Editor in 0.00 ms.
Mono: successfully reloaded assembly
- Completed reload, in  0.639 seconds
Platform modules already initialized, skipping
Refreshing native plugins compatible for Editor in 0.16 ms, found 0 plugins.
Preloading 0 native plugins for Editor in 0.00 ms.
Unloading 1111 Unused Serialized files (Serialized files now loaded: 0)
System memory in use before: 60.6 MB.
System memory in use after: 60.7 MB.

Unloading 5 unused Assets to reduce memory usage. Loaded Objects now: 1625.
Total: 1.293100 ms (FindLiveObjects: 0.095700 ms CreateObjectMapping: 0.026700 ms MarkObjects: 1.130900 ms  DeleteObjects: 0.039000 ms)

AssetImportWorkerClient::OnTransportError - code=2 error=End of file
